Build started 4/6/2014 9:48:11 PM.
     1>Project "C:\Users\Al Gore Rhythm\Documents\Game AI Stuff\VS8 projects\Buckland_Chapter4-SimpleSoccer\SimpleSoccer.vcxproj" on node 2 (Build target(s)).
     1>ClCompile:
         C:\Program Files (x86)\Microsoft Visual Studio 12.0\VC\bin\CL.exe /c /I"C:\Users\Al Gore Rhythm\Documents\Game AI Stuff\VS8 projects\Common" /ZI /nologo /W3 /WX- /Od /Oy- /D WIN32 /D _DEBUG /D _WINDOWS /D _VC80_UPGRADE=0x0600 /D _MBCS /Gm /EHsc /RTC1 /MTd /GS /fp:precise /Zc:wchar_t /Zc:forScope /GR /Fo".\Debug/" /Fd".\Debug/vc120.pdb" /FR".\Debug\\" /Gd /TP /analyze- /errorReport:prompt FieldPlayer.cpp FieldPlayerStates.cpp GoalKeeperStates.cpp Goalkeeper.cpp PlayerBase.cpp Referee.cpp SteeringBehaviors.cpp
         SteeringBehaviors.cpp
         Generating Code...
         Compiling...
         Referee.cpp
         PlayerBase.cpp
         Goalkeeper.cpp
         GoalKeeperStates.cpp
         FieldPlayerStates.cpp
         FieldPlayer.cpp
         Generating Code...
         C:\Program Files (x86)\Microsoft Visual Studio 12.0\VC\bin\CL.exe /c /I"C:\Users\Al Gore Rhythm\Documents\Game AI Stuff\VS8 projects\Common" /I"C:\Users\Al Gore Rhythm\Documents\Game AI Stuff\VS8 projects\Common" /ZI /nologo /W3 /WX- /Od /Oy- /D WIN32 /D _DEBUG /D _WINDOWS /D _VC80_UPGRADE=0x0600 /D _MBCS /Gm /EHsc /RTC1 /MTd /GS /fp:precise /Zc:wchar_t /Zc:forScope /GR /Fo".\Debug/" /Fd".\Debug/vc120.pdb" /FR".\Debug\\" /Gd /TP /analyze- /errorReport:prompt SoccerTeam.cpp
         SoccerTeam.cpp
       Link:
         C:\Program Files (x86)\Microsoft Visual Studio 12.0\VC\bin\link.exe /ERRORREPORT:PROMPT /OUT:".\Debug/SimpleSoccer.exe" /INCREMENTAL /NOLOGO kernel32.lib user32.lib gdi32.lib winspool.lib comdlg32.lib advapi32.lib shell32.lib ole32.lib oleaut32.lib uuid.lib odbc32.lib odbccp32.lib /MANIFEST /MANIFESTUAC:"level='asInvoker' uiAccess='false'" /manifest:embed /DEBUG /PDB:".\Debug/SimpleSoccer.pdb" /SUBSYSTEM:WINDOWS /TLBID:1 /DYNAMICBASE /NXCOMPAT /IMPLIB:".\Debug\SimpleSoccer.lib" /MACHINE:X86 /SAFESEH .\Debug\Script1.res
         .\Debug/main.obj
         .\Debug/ParamLoader.obj
         .\Debug/Referee.obj
         .\Debug/SoccerPitch.obj
         .\Debug/SoccerTeam.obj
         .\Debug/SteeringBehaviors.obj
         .\Debug/SupportSpotCalculator.obj
         .\Debug/FieldPlayerStates.obj
         .\Debug/GoalKeeperStates.obj
         .\Debug/TeamStates.obj
         .\Debug/MessageDispatcher.obj
         .\Debug/SoccerMessages.obj
         .\Debug/BaseGameEntity.obj
         .\Debug/EntityManager.obj
         .\Debug/FieldPlayer.obj
         .\Debug/Goalkeeper.obj
         .\Debug/PlayerBase.obj
         .\Debug/SoccerBall.obj
         .\Debug/Cgdi.obj
         .\Debug/DebugConsole.obj
         .\Debug/FrameCounter.obj
         .\Debug/iniFileLoaderBase.obj
         .\Debug/PrecisionTimer.obj
         .\Debug/Vector2d.obj
         .\Debug/WindowUtils.obj
     1>main.obj : warning LNK4075: ignoring '/EDITANDCONTINUE' due to '/SAFESEH' specification
         SimpleSoccer.vcxproj -> C:\Users\Al Gore Rhythm\Documents\Game AI Stuff\VS8 projects\Buckland_Chapter4-SimpleSoccer\.\Debug\SimpleSoccer.exe
       BscMake:
         C:\Program Files (x86)\Microsoft Visual Studio 12.0\VC\bin\bscmake.exe /nologo /o".\Debug/SimpleSoccer.bsc" .\Debug\main.sbr .\Debug\ParamLoader.sbr .\Debug\Referee.sbr .\Debug\SoccerPitch.sbr .\Debug\SoccerTeam.sbr .\Debug\SteeringBehaviors.sbr .\Debug\SupportSpotCalculator.sbr .\Debug\FieldPlayerStates.sbr .\Debug\GoalKeeperStates.sbr .\Debug\TeamStates.sbr .\Debug\MessageDispatcher.sbr .\Debug\SoccerMessages.sbr .\Debug\BaseGameEntity.sbr .\Debug\EntityManager.sbr .\Debug\FieldPlayer.sbr .\Debug\Goalkeeper.sbr .\Debug\PlayerBase.sbr .\Debug\SoccerBall.sbr .\Debug\Cgdi.sbr .\Debug\DebugConsole.sbr .\Debug\FrameCounter.sbr .\Debug\iniFileLoaderBase.sbr .\Debug\PrecisionTimer.sbr .\Debug\Vector2d.sbr .\Debug\WindowUtils.sbr
     1>Done Building Project "C:\Users\Al Gore Rhythm\Documents\Game AI Stuff\VS8 projects\Buckland_Chapter4-SimpleSoccer\SimpleSoccer.vcxproj" (Build target(s)).

Build succeeded.

Time Elapsed 00:00:15.08
