c:\users\al gore rhythm\documents\game ai stuff\vs8 projects\buckland_chapter4-simplesoccer\debug\vc120.pdb
c:\users\al gore rhythm\documents\game ai stuff\vs8 projects\buckland_chapter4-simplesoccer\debug\vc120.idb
c:\users\al gore rhythm\documents\game ai stuff\vs8 projects\buckland_chapter4-simplesoccer\debug\windowutils.sbr
c:\users\al gore rhythm\documents\game ai stuff\vs8 projects\buckland_chapter4-simplesoccer\debug\vector2d.sbr
c:\users\al gore rhythm\documents\game ai stuff\vs8 projects\buckland_chapter4-simplesoccer\debug\precisiontimer.sbr
c:\users\al gore rhythm\documents\game ai stuff\vs8 projects\buckland_chapter4-simplesoccer\debug\inifileloaderbase.sbr
c:\users\al gore rhythm\documents\game ai stuff\vs8 projects\buckland_chapter4-simplesoccer\debug\framecounter.sbr
c:\users\al gore rhythm\documents\game ai stuff\vs8 projects\buckland_chapter4-simplesoccer\debug\debugconsole.sbr
c:\users\al gore rhythm\documents\game ai stuff\vs8 projects\buckland_chapter4-simplesoccer\debug\cgdi.sbr
c:\users\al gore rhythm\documents\game ai stuff\vs8 projects\buckland_chapter4-simplesoccer\debug\soccerball.sbr
c:\users\al gore rhythm\documents\game ai stuff\vs8 projects\buckland_chapter4-simplesoccer\debug\playerbase.sbr
c:\users\al gore rhythm\documents\game ai stuff\vs8 projects\buckland_chapter4-simplesoccer\debug\goalkeeper.sbr
c:\users\al gore rhythm\documents\game ai stuff\vs8 projects\buckland_chapter4-simplesoccer\debug\fieldplayer.sbr
c:\users\al gore rhythm\documents\game ai stuff\vs8 projects\buckland_chapter4-simplesoccer\debug\entitymanager.sbr
c:\users\al gore rhythm\documents\game ai stuff\vs8 projects\buckland_chapter4-simplesoccer\debug\basegameentity.sbr
c:\users\al gore rhythm\documents\game ai stuff\vs8 projects\buckland_chapter4-simplesoccer\debug\soccermessages.sbr
c:\users\al gore rhythm\documents\game ai stuff\vs8 projects\buckland_chapter4-simplesoccer\debug\messagedispatcher.sbr
c:\users\al gore rhythm\documents\game ai stuff\vs8 projects\buckland_chapter4-simplesoccer\debug\teamstates.sbr
c:\users\al gore rhythm\documents\game ai stuff\vs8 projects\buckland_chapter4-simplesoccer\debug\goalkeeperstates.sbr
c:\users\al gore rhythm\documents\game ai stuff\vs8 projects\buckland_chapter4-simplesoccer\debug\fieldplayerstates.sbr
c:\users\al gore rhythm\documents\game ai stuff\vs8 projects\buckland_chapter4-simplesoccer\debug\supportspotcalculator.sbr
c:\users\al gore rhythm\documents\game ai stuff\vs8 projects\buckland_chapter4-simplesoccer\debug\steeringbehaviors.sbr
c:\users\al gore rhythm\documents\game ai stuff\vs8 projects\buckland_chapter4-simplesoccer\debug\teamstates.obj
c:\users\al gore rhythm\documents\game ai stuff\vs8 projects\buckland_chapter4-simplesoccer\debug\messagedispatcher.obj
c:\users\al gore rhythm\documents\game ai stuff\vs8 projects\buckland_chapter4-simplesoccer\debug\soccermessages.obj
c:\users\al gore rhythm\documents\game ai stuff\vs8 projects\buckland_chapter4-simplesoccer\debug\basegameentity.obj
c:\users\al gore rhythm\documents\game ai stuff\vs8 projects\buckland_chapter4-simplesoccer\debug\entitymanager.obj
c:\users\al gore rhythm\documents\game ai stuff\vs8 projects\buckland_chapter4-simplesoccer\debug\cgdi.obj
c:\users\al gore rhythm\documents\game ai stuff\vs8 projects\buckland_chapter4-simplesoccer\debug\debugconsole.obj
c:\users\al gore rhythm\documents\game ai stuff\vs8 projects\buckland_chapter4-simplesoccer\debug\framecounter.obj
c:\users\al gore rhythm\documents\game ai stuff\vs8 projects\buckland_chapter4-simplesoccer\debug\inifileloaderbase.obj
c:\users\al gore rhythm\documents\game ai stuff\vs8 projects\buckland_chapter4-simplesoccer\debug\precisiontimer.obj
c:\users\al gore rhythm\documents\game ai stuff\vs8 projects\buckland_chapter4-simplesoccer\debug\vector2d.obj
c:\users\al gore rhythm\documents\game ai stuff\vs8 projects\buckland_chapter4-simplesoccer\debug\windowutils.obj
c:\users\al gore rhythm\documents\game ai stuff\vs8 projects\buckland_chapter4-simplesoccer\debug\soccerpitch.sbr
c:\users\al gore rhythm\documents\game ai stuff\vs8 projects\buckland_chapter4-simplesoccer\debug\referee.sbr
c:\users\al gore rhythm\documents\game ai stuff\vs8 projects\buckland_chapter4-simplesoccer\debug\paramloader.sbr
c:\users\al gore rhythm\documents\game ai stuff\vs8 projects\buckland_chapter4-simplesoccer\debug\main.sbr
c:\users\al gore rhythm\documents\game ai stuff\vs8 projects\buckland_chapter4-simplesoccer\debug\simplesoccer.tlog\cl.command.1.tlog
c:\users\al gore rhythm\documents\game ai stuff\vs8 projects\buckland_chapter4-simplesoccer\debug\simplesoccer.tlog\cl.read.1.tlog
c:\users\al gore rhythm\documents\game ai stuff\vs8 projects\buckland_chapter4-simplesoccer\debug\simplesoccer.tlog\cl.write.1.tlog
