c:\users\jordan.max\desktop\programminggameaibyexamplesource\vs8 projects\buckland_chapter5-pathfinder\debug\pathfinder.bsc
c:\users\jordan.max\desktop\programminggameaibyexamplesource\vs8 projects\buckland_chapter5-pathfinder\debug\vc120.pdb
c:\users\jordan.max\desktop\programminggameaibyexamplesource\vs8 projects\buckland_chapter5-pathfinder\debug\vc120.idb
c:\users\jordan.max\desktop\programminggameaibyexamplesource\vs8 projects\buckland_chapter5-pathfinder\debug\windowutils.sbr
c:\users\jordan.max\desktop\programminggameaibyexamplesource\vs8 projects\buckland_chapter5-pathfinder\debug\precisiontimer.sbr
c:\users\jordan.max\desktop\programminggameaibyexamplesource\vs8 projects\buckland_chapter5-pathfinder\debug\cgdi.sbr
c:\users\jordan.max\desktop\programminggameaibyexamplesource\vs8 projects\buckland_chapter5-pathfinder\debug\pathfinder.sbr
c:\users\jordan.max\desktop\programminggameaibyexamplesource\vs8 projects\buckland_chapter5-pathfinder\debug\main.sbr
c:\users\jordan.max\desktop\programminggameaibyexamplesource\vs8 projects\buckland_chapter5-pathfinder\debug\main.obj
c:\users\jordan.max\desktop\programminggameaibyexamplesource\vs8 projects\buckland_chapter5-pathfinder\debug\pathfinder.obj
c:\users\jordan.max\desktop\programminggameaibyexamplesource\vs8 projects\buckland_chapter5-pathfinder\debug\cgdi.obj
c:\users\jordan.max\desktop\programminggameaibyexamplesource\vs8 projects\buckland_chapter5-pathfinder\debug\precisiontimer.obj
c:\users\jordan.max\desktop\programminggameaibyexamplesource\vs8 projects\buckland_chapter5-pathfinder\debug\windowutils.obj
c:\users\jordan.max\desktop\programminggameaibyexamplesource\vs8 projects\buckland_chapter5-pathfinder\debug\pathfinder.ilk
c:\users\jordan.max\desktop\programminggameaibyexamplesource\vs8 projects\buckland_chapter5-pathfinder\debug\pathfinder.exe
c:\users\jordan.max\desktop\programminggameaibyexamplesource\vs8 projects\buckland_chapter5-pathfinder\debug\pathfinder.pdb
c:\users\jordan.max\desktop\programminggameaibyexamplesource\vs8 projects\buckland_chapter5-pathfinder\debug\toolbar.res
c:\users\jordan.max\desktop\programminggameaibyexamplesource\vs8 projects\buckland_chapter5-pathfinder\.\debug\pathfinder.exe
c:\users\jordan.max\desktop\programminggameaibyexamplesource\vs8 projects\buckland_chapter5-pathfinder\debug\pathfinder.tlog\bscmake.command.1.tlog
c:\users\jordan.max\desktop\programminggameaibyexamplesource\vs8 projects\buckland_chapter5-pathfinder\debug\pathfinder.tlog\bscmake.read.1.tlog
c:\users\jordan.max\desktop\programminggameaibyexamplesource\vs8 projects\buckland_chapter5-pathfinder\debug\pathfinder.tlog\bscmake.write.1.tlog
c:\users\jordan.max\desktop\programminggameaibyexamplesource\vs8 projects\buckland_chapter5-pathfinder\debug\pathfinder.tlog\cl.command.1.tlog
c:\users\jordan.max\desktop\programminggameaibyexamplesource\vs8 projects\buckland_chapter5-pathfinder\debug\pathfinder.tlog\cl.read.1.tlog
c:\users\jordan.max\desktop\programminggameaibyexamplesource\vs8 projects\buckland_chapter5-pathfinder\debug\pathfinder.tlog\cl.write.1.tlog
c:\users\jordan.max\desktop\programminggameaibyexamplesource\vs8 projects\buckland_chapter5-pathfinder\debug\pathfinder.tlog\link.command.1.tlog
c:\users\jordan.max\desktop\programminggameaibyexamplesource\vs8 projects\buckland_chapter5-pathfinder\debug\pathfinder.tlog\link.read.1.tlog
c:\users\jordan.max\desktop\programminggameaibyexamplesource\vs8 projects\buckland_chapter5-pathfinder\debug\pathfinder.tlog\link.write.1.tlog
c:\users\jordan.max\desktop\programminggameaibyexamplesource\vs8 projects\buckland_chapter5-pathfinder\debug\pathfinder.tlog\rc.command.1.tlog
c:\users\jordan.max\desktop\programminggameaibyexamplesource\vs8 projects\buckland_chapter5-pathfinder\debug\pathfinder.tlog\rc.read.1.tlog
c:\users\jordan.max\desktop\programminggameaibyexamplesource\vs8 projects\buckland_chapter5-pathfinder\debug\pathfinder.tlog\rc.write.1.tlog
