Build started 4/14/2014 2:56:14 PM.
     1>Project "C:\Users\jordan.max\Desktop\GitHub\GameAIProgramming\Buckland_Chapter5-Pathfinder\Pathfinder.vcxproj" on node 2 (Build target(s)).
     1>ClCompile:
         C:\Program Files (x86)\Microsoft Visual Studio 12.0\VC\bin\CL.exe /c /IC:\Users\jordan.max\Desktop\GitHub\GameAIProgramming\Common /ZI /nologo /W3 /WX- /Od /Oy- /D WIN32 /D _DEBUG /D _WINDOWS /D _VC80_UPGRADE=0x0600 /D _MBCS /Gm /EHsc /RTC1 /MTd /GS /fp:precise /Zc:wchar_t /Zc:forScope /Fo".\Debug/" /Fd".\Debug/vc120.pdb" /FR".\Debug\\" /Gd /TP /analyze- /errorReport:prompt Pathfinder.cpp main.cpp
         Pathfinder.cpp
     1>c:\users\jordan.max\desktop\github\gameaiprogramming\common\graph\sparsegraph.h(695): warning C4018: '<' : signed/unsigned mismatch
                 c:\users\jordan.max\desktop\github\gameaiprogramming\common\graph\sparsegraph.h(693) : while compiling class template member function 'void SparseGraph<NavGraphNode<void *>,GraphEdge>::SetEdgeCost(int,int,double)'
                 c:\users\jordan.max\desktop\github\gameaiprogramming\common\graph\handygraphfunctions.h(195) : see reference to function template instantiation 'void SparseGraph<NavGraphNode<void *>,GraphEdge>::SetEdgeCost(int,int,double)' being compiled
                 c:\users\jordan.max\desktop\github\gameaiprogramming\common\graph\sparsegraph.h(455) : while compiling class template member function 'NavGraphNode<void *> &SparseGraph<NavGraphNode<void *>,GraphEdge>::GetNode(int)'
                 c:\users\jordan.max\desktop\github\gameaiprogramming\buckland_chapter5-pathfinder\pathfinder.cpp(432) : see reference to function template instantiation 'NavGraphNode<void *> &SparseGraph<NavGraphNode<void *>,GraphEdge>::GetNode(int)' being compiled
                 c:\users\jordan.max\desktop\github\gameaiprogramming\buckland_chapter5-pathfinder\pathfinder.h(139) : see reference to class template instantiation 'SparseGraph<NavGraphNode<void *>,GraphEdge>' being compiled
         Generating Code...
         Compiling...
         main.cpp
         Generating Code...
     1>cl : Command line warning D9028: minimal rebuild failure, reverting to normal build
       Link:
         C:\Program Files (x86)\Microsoft Visual Studio 12.0\VC\bin\link.exe /ERRORREPORT:PROMPT /OUT:".\Debug/Pathfinder.exe" /INCREMENTAL /NOLOGO comctl32.lib odbc32.lib odbccp32.lib kernel32.lib user32.lib gdi32.lib winspool.lib comdlg32.lib advapi32.lib shell32.lib ole32.lib oleaut32.lib uuid.lib odbc32.lib odbccp32.lib /MANIFEST /MANIFESTUAC:"level='asInvoker' uiAccess='false'" /manifest:embed /DEBUG /PDB:".\Debug/Pathfinder.pdb" /SUBSYSTEM:WINDOWS /TLBID:1 /DYNAMICBASE /NXCOMPAT /IMPLIB:".\Debug\Pathfinder.lib" /MACHINE:X86 /SAFESEH .\Debug\toolbar.res
         .\Debug/main.obj
         .\Debug/Pathfinder.obj
         .\Debug/Cgdi.obj
         .\Debug/PrecisionTimer.obj
         .\Debug/WindowUtils.obj
     1>main.obj : warning LNK4075: ignoring '/EDITANDCONTINUE' due to '/SAFESEH' specification
         Pathfinder.vcxproj -> C:\Users\jordan.max\Desktop\GitHub\GameAIProgramming\Buckland_Chapter5-Pathfinder\.\Debug\Pathfinder.exe
       BscMake:
         C:\Program Files (x86)\Microsoft Visual Studio 12.0\VC\bin\bscmake.exe /nologo /o".\Debug/Pathfinder.bsc" .\Debug\main.sbr .\Debug\Pathfinder.sbr .\Debug\Cgdi.sbr .\Debug\PrecisionTimer.sbr .\Debug\WindowUtils.sbr
     1>Done Building Project "C:\Users\jordan.max\Desktop\GitHub\GameAIProgramming\Buckland_Chapter5-Pathfinder\Pathfinder.vcxproj" (Build target(s)).

Build succeeded.

Time Elapsed 00:00:04.58
